#
# There is insufficient memory for the Java Runtime Environment to continue.
# Native memory allocation (malloc) failed to allocate 65856 bytes for Chunk::new
# Possible reasons:
#   The system is out of physical RAM or swap space
#   The process is running with CompressedOops enabled, and the Java Heap may be blocking the growth of the native heap
# Possible solutions:
#   Reduce memory load on the system
#   Increase physical memory or swap space
#   Check if swap backing store is full
#   Decrease Java heap size (-Xmx/-Xms)
#   Decrease number of Java threads
#   Decrease Java thread stack sizes (-Xss)
#   Set larger code cache with -XX:ReservedCodeCacheSize=
#   JVM is running with Unscaled Compressed Oops mode in which the Java heap is
#     placed in the first 4GB address space. The Java Heap base address is the
#     maximum limit for the native heap growth. Please use -XX:HeapBaseMinAddress
#     to set the Java Heap base and to place the Java Heap above 4GB virtual address.
# This output file may be truncated or incomplete.
#
#  Out of Memory Error (allocation.cpp:389), pid=2152, tid=0x0000000000001e20
#
# JRE version: Java(TM) SE Runtime Environment (8.0_202-b08) (build 1.8.0_202-b08)
# Java VM: Java HotSpot(TM) 64-Bit Server VM (25.202-b08 mixed mode windows-amd64 compressed oops)
# Failed to write core dump. Minidumps are not enabled by default on client versions of Windows
#

---------------  T H R E A D  ---------------

Current thread (0x0000000016a1f800):  JavaThread "C2 CompilerThread2" daemon [_thread_in_native, id=7712, stack(0x00000000174a0000,0x00000000175a0000)]

Stack: [0x00000000174a0000,0x00000000175a0000]
[error occurred during error reporting (printing stack bounds), id 0xc0000005]

Native frames: (J=compiled Java code, j=interpreted, Vv=VM code, C=native code)


Current CompileTask:
C2:5566880 11073       4       java.io.File::getParent (65 bytes)


---------------  P R O C E S S  ---------------

Java Threads: ( => current thread )
  0x0000000018bba000 JavaThread "Cache worker for execution history cache (E:\My Task\2019-07-17-PIZZA\Pizza\android\.gradle\5.4.1\executionHistory)" [_thread_blocked, id=1028, stack(0x00000000241b0000,0x00000000242b0000)]
  0x0000000018bb6800 JavaThread "Execution worker for ':' Thread 7" [_thread_blocked, id=10356, stack(0x00000000240b0000,0x00000000241b0000)]
  0x0000000018bb9800 JavaThread "Execution worker for ':' Thread 6" [_thread_blocked, id=10468, stack(0x0000000023fb0000,0x00000000240b0000)]
  0x000000001e3ab800 JavaThread "Execution worker for ':' Thread 5" [_thread_blocked, id=6296, stack(0x0000000023eb0000,0x0000000023fb0000)]
  0x000000001e3a8800 JavaThread "Execution worker for ':' Thread 4" [_thread_blocked, id=6636, stack(0x0000000023ab0000,0x0000000023bb0000)]
  0x000000001e3a8000 JavaThread "Execution worker for ':' Thread 3" [_thread_blocked, id=11300, stack(0x00000000239b0000,0x0000000023ab0000)]
  0x0000000018c23800 JavaThread "Execution worker for ':' Thread 2" [_thread_blocked, id=6496, stack(0x00000000238b0000,0x00000000239b0000)]
  0x0000000018c27800 JavaThread "Execution worker for ':'" [_thread_blocked, id=1760, stack(0x00000000237b0000,0x00000000238b0000)]
  0x0000000018c26800 JavaThread "Cache worker for file content cache (E:\My Task\2019-07-17-PIZZA\Pizza\android\.gradle\5.4.1\fileContent)" [_thread_blocked, id=9476, stack(0x00000000236b0000,0x00000000237b0000)]
  0x000000001c056800 JavaThread "Cache worker for Build Output Cleanup Cache (E:\My Task\2019-07-17-PIZZA\Pizza\android\.gradle\buildOutputCleanup)" [_thread_blocked, id=1320, stack(0x0000000022ec0000,0x0000000022fc0000)]
  0x000000001c056000 JavaThread "Build operations Thread 8" [_thread_blocked, id=9436, stack(0x0000000020b10000,0x0000000020c10000)]
  0x000000001c055000 JavaThread "Build operations Thread 7" [_thread_blocked, id=4612, stack(0x0000000020410000,0x0000000020510000)]
  0x000000001c058000 JavaThread "Build operations Thread 6" [_thread_blocked, id=1936, stack(0x0000000020310000,0x0000000020410000)]
  0x000000001c059000 JavaThread "Build operations Thread 5" [_thread_blocked, id=8400, stack(0x0000000020210000,0x0000000020310000)]
  0x000000001c057800 JavaThread "Build operations Thread 4" [_thread_blocked, id=5652, stack(0x0000000020110000,0x0000000020210000)]
  0x000000001c04d800 JavaThread "Build operations Thread 3" [_thread_blocked, id=4156, stack(0x0000000020010000,0x0000000020110000)]
  0x000000001c054000 JavaThread "Build operations Thread 2" [_thread_blocked, id=7496, stack(0x000000001ff10000,0x0000000020010000)]
  0x000000001c04c800 JavaThread "Build operations" [_thread_blocked, id=4260, stack(0x000000001fe10000,0x000000001ff10000)]
  0x000000001c052800 JavaThread "Cache worker for cache directory md-rule (C:\Users\Zeus\.gradle\caches\5.4.1\md-rule)" [_thread_blocked, id=8556, stack(0x000000001fd10000,0x000000001fe10000)]
  0x000000001c04b000 JavaThread "Cache worker for cache directory md-supplier (C:\Users\Zeus\.gradle\caches\5.4.1\md-supplier)" [_thread_blocked, id=7524, stack(0x000000001f710000,0x000000001f810000)]
  0x000000001c052000 JavaThread "Cache worker for file hash cache (E:\My Task\2019-07-17-PIZZA\Pizza\android\.gradle\5.4.1\fileHashes)" [_thread_blocked, id=1180, stack(0x000000001e1c0000,0x000000001e2c0000)]
  0x000000001c04f800 JavaThread "Thread-40" [_thread_blocked, id=8696, stack(0x000000001dc60000,0x000000001dd60000)]
  0x000000001c04c000 JavaThread "Asynchronous log dispatcher for DefaultDaemonConnection: socket connection from /127.0.0.1:50801 to /127.0.0.1:50905" [_thread_blocked, id=3924, stack(0x00000000017b0000,0x00000000018b0000)]
  0x000000001c04a800 JavaThread "Cancel handler" [_thread_blocked, id=11604, stack(0x00000000016b0000,0x00000000017b0000)]
  0x000000001c051000 JavaThread "Handler for socket connection from /127.0.0.1:50801 to /127.0.0.1:50905" [_thread_in_native, id=7748, stack(0x00000000015b0000,0x00000000016b0000)]
  0x000000001c053800 JavaThread "Monitor" [_thread_in_native, id=10296, stack(0x0000000023db0000,0x0000000023eb0000)]
  0x000000001e3ab000 JavaThread "Cache worker for file content cache (C:\Users\Zeus\.gradle\caches\5.4.1\fileContent)" [_thread_blocked, id=13144, stack(0x0000000022dc0000,0x0000000022ec0000)]
  0x000000001e3aa000 JavaThread "Memory manager" [_thread_blocked, id=11004, stack(0x0000000022cc0000,0x0000000022dc0000)]
  0x0000000018c24800 JavaThread "Cache worker for execution history cache (C:\Users\Zeus\.gradle\caches\5.4.1\executionHistory)" [_thread_blocked, id=11040, stack(0x000000001f810000,0x000000001f910000)]
  0x0000000018c2a800 JavaThread "Cache worker for journal cache (C:\Users\Zeus\.gradle\caches\journal-1)" [_thread_blocked, id=8276, stack(0x000000001a5f0000,0x000000001a6f0000)]
  0x0000000018c29000 JavaThread "File lock request listener" [_thread_in_native, id=12776, stack(0x000000001a4f0000,0x000000001a5f0000)]
  0x0000000018c28000 JavaThread "Cache worker for file hash cache (C:\Users\Zeus\.gradle\caches\5.4.1\fileHashes)" [_thread_blocked, id=12572, stack(0x000000001a3f0000,0x000000001a4f0000)]
  0x0000000018099000 JavaThread "Daemon worker" [_thread_blocked, id=13012, stack(0x0000000019cf0000,0x0000000019df0000)]
  0x0000000018440000 JavaThread "Daemon" [_thread_blocked, id=13020, stack(0x00000000199f0000,0x0000000019af0000)]
  0x00000000183e4000 JavaThread "Daemon periodic checks" [_thread_blocked, id=2296, stack(0x00000000198f0000,0x00000000199f0000)]
  0x00000000183e2800 JavaThread "Incoming local TCP Connector on port 50801" [_thread_in_native, id=828, stack(0x00000000196b0000,0x00000000197b0000)]
  0x0000000018678000 JavaThread "Daemon health stats" [_thread_blocked, id=10664, stack(0x0000000019070000,0x0000000019170000)]
  0x0000000016a5f000 JavaThread "Service Thread" daemon [_thread_blocked, id=12216, stack(0x00000000176a0000,0x00000000177a0000)]
  0x0000000016a22800 JavaThread "C1 CompilerThread3" daemon [_thread_blocked, id=12048, stack(0x00000000175a0000,0x00000000176a0000)]
=>0x0000000016a1f800 JavaThread "C2 CompilerThread2" daemon [_thread_in_native, id=7712, stack(0x00000000174a0000,0x00000000175a0000)]
  0x0000000016a0b800 JavaThread "C2 CompilerThread1" daemon [_thread_blocked, id=11324, stack(0x00000000173a0000,0x00000000174a0000)]
  0x00000000169cb800 JavaThread "C2 CompilerThread0" daemon [_thread_blocked, id=11112, stack(0x00000000172a0000,0x00000000173a0000)]
  0x00000000169c8800 JavaThread "Attach Listener" daemon [_thread_blocked, id=12992, stack(0x00000000171a0000,0x00000000172a0000)]
  0x00000000169c8000 JavaThread "Signal Dispatcher" daemon [_thread_blocked, id=13092, stack(0x00000000170a0000,0x00000000171a0000)]
  0x00000000169c0800 JavaThread "Finalizer" daemon [_thread_blocked, id=5864, stack(0x0000000016ea0000,0x0000000016fa0000)]
  0x0000000014b7c800 JavaThread "Reference Handler" daemon [_thread_blocked, id=12276, stack(0x0000000016da0000,0x0000000016ea0000)]
  0x00000000032c2800 JavaThread "main" [_thread_blocked, id=12224, stack(0x00000000031c0000,0x00000000032c0000)]

Other Threads:
  0x0000000014b78800 VMThread [stack: 0x00000000168a0000,0x00000000169a0000] [id=11260]
  0x0000000016a3a800 WatcherThread [stack: 0x00000000177a0000,0x00000000178a0000] [id=4272]

VM state:not at safepoint (normal execution)

VM Mutex/Monitor currently owned by a thread: None

heap address: 0x00000000e0000000, size: 512 MB, Compressed Oops mode: 32-bit
Narrow klass base: 0x0000000000000000, Narrow klass shift: 3
Compressed class space size: 1073741824 Address: 0x0000000100000000

Heap:
 PSYoungGen      total 154624K, used 101129K [0x00000000f5580000, 0x00000000fff80000, 0x0000000100000000)
  eden space 135168K, 64% used [0x00000000f5580000,0x00000000faa90760,0x00000000fd980000)
  from space 19456K, 72% used [0x00000000fd980000,0x00000000fe731da0,0x00000000fec80000)
  to   space 19456K, 0% used [0x00000000fec80000,0x00000000fec80000,0x00000000fff80000)
 ParOldGen       total 175104K, used 55855K [0x00000000e0000000, 0x00000000eab00000, 0x00000000f5580000)
  object space 175104K, 31% used [0x00000000e0000000,0x00000000e368beb0,0x00000000eab00000)
 Metaspace       used 69794K, capacity 72792K, committed 72984K, reserved 1112064K
  class space    used 9349K, capacity 9999K, committed 10008K, reserved 1048576K

Card table byte_map: [0x0000000012780000,0x0000000012890000] byte_map_base: 0x0000000012080000

Marking Bits: (ParMarkBitMap*) 0x0000000069bc5ce0
 Begin Bits: [0x0000000013090000, 0x0000000013890000)
 End Bits:   [0x0000000013890000, 0x0000000014090000)

Polling page: 0x0000000000ff0000

CodeCache: size=245760Kb used=30284Kb max_used=30803Kb free=215475Kb
 bounds [0x00000000033c0000, 0x0000000005210000, 0x00000000123c0000]
 total_blobs=10173 nmethods=9346 adapters=738
 compilation: enabled

Compilation events (10 events):
Event: 5236.848 Thread 0x00000000169cb800 nmethod 11068 0x00000000046e8f90 code [0x00000000046e90e0, 0x00000000046e9198]
Event: 5316.838 Thread 0x0000000016a22800 11069       3       java.net.Inet6Address$Inet6AddressHolder::<init> (6 bytes)
Event: 5316.839 Thread 0x0000000016a22800 nmethod 11069 0x00000000036ae890 code [0x00000000036aea00, 0x00000000036aecd0]
Event: 5316.839 Thread 0x0000000016a22800 11070       3       java.net.Inet6Address$Inet6AddressHolder::<init> (18 bytes)
Event: 5316.839 Thread 0x0000000016a22800 nmethod 11070 0x0000000003dd96d0 code [0x0000000003dd9840, 0x0000000003dd9ab0]
Event: 5356.838 Thread 0x0000000016a1f800 11071       4       java.io.File::isDirectory (43 bytes)
Event: 5356.840 Thread 0x0000000016a1f800 nmethod 11071 0x0000000003d35710 code [0x0000000003d35860, 0x0000000003d35a68]
Event: 5476.628 Thread 0x00000000169cb800 11072       4       com.android.ddmlib.AndroidDebugBridge::hasInitialDeviceList (17 bytes)
Event: 5476.631 Thread 0x00000000169cb800 nmethod 11072 0x0000000004c788d0 code [0x0000000004c78a00, 0x0000000004c78a78]
Event: 5566.849 Thread 0x0000000016a1f800 11073       4       java.io.File::getParent (65 bytes)

GC Heap History (10 events):
Event: 37.100 GC heap before
{Heap before GC invocations=12 (full 2):
 PSYoungGen      total 134144K, used 121056K [0x00000000f5580000, 0x0000000100000000, 0x0000000100000000)
  eden space 121344K, 89% used [0x00000000f5580000,0x00000000fbf3cbe0,0x00000000fcc00000)
  from space 12800K, 99% used [0x00000000fcc00000,0x00000000fd87b500,0x00000000fd880000)
  to   space 15360K, 0% used [0x00000000ff100000,0x00000000ff100000,0x0000000100000000)
 ParOldGen       total 175104K, used 20547K [0x00000000e0000000, 0x00000000eab00000, 0x00000000f5580000)
  object space 175104K, 11% used [0x00000000e0000000,0x00000000e1410cc8,0x00000000eab00000)
 Metaspace       used 57550K, capacity 58984K, committed 59160K, reserved 1099776K
  class space    used 7918K, capacity 8384K, committed 8472K, reserved 1048576K
Event: 37.112 GC heap after
Heap after GC invocations=12 (full 2):
 PSYoungGen      total 152064K, used 15328K [0x00000000f5580000, 0x0000000100000000, 0x0000000100000000)
  eden space 136704K, 0% used [0x00000000f5580000,0x00000000f5580000,0x00000000fdb00000)
  from space 15360K, 99% used [0x00000000ff100000,0x00000000ffff8170,0x0000000100000000)
  to   space 18944K, 0% used [0x00000000fdb00000,0x00000000fdb00000,0x00000000fed80000)
 ParOldGen       total 175104K, used 26002K [0x00000000e0000000, 0x00000000eab00000, 0x00000000f5580000)
  object space 175104K, 14% used [0x00000000e0000000,0x00000000e1964980,0x00000000eab00000)
 Metaspace       used 57550K, capacity 58984K, committed 59160K, reserved 1099776K
  class space    used 7918K, capacity 8384K, committed 8472K, reserved 1048576K
}
Event: 37.112 GC heap before
{Heap before GC invocations=13 (full 3):
 PSYoungGen      total 152064K, used 15328K [0x00000000f5580000, 0x0000000100000000, 0x0000000100000000)
  eden space 136704K, 0% used [0x00000000f5580000,0x00000000f5580000,0x00000000fdb00000)
  from space 15360K, 99% used [0x00000000ff100000,0x00000000ffff8170,0x0000000100000000)
  to   space 18944K, 0% used [0x00000000fdb00000,0x00000000fdb00000,0x00000000fed80000)
 ParOldGen       total 175104K, used 26002K [0x00000000e0000000, 0x00000000eab00000, 0x00000000f5580000)
  object space 175104K, 14% used [0x00000000e0000000,0x00000000e1964980,0x00000000eab00000)
 Metaspace       used 57550K, capacity 58984K, committed 59160K, reserved 1099776K
  class space    used 7918K, capacity 8384K, committed 8472K, reserved 1048576K
Event: 37.273 GC heap after
Heap after GC invocations=13 (full 3):
 PSYoungGen      total 152064K, used 0K [0x00000000f5580000, 0x0000000100000000, 0x0000000100000000)
  eden space 136704K, 0% used [0x00000000f5580000,0x00000000f5580000,0x00000000fdb00000)
  from space 15360K, 0% used [0x00000000ff100000,0x00000000ff100000,0x0000000100000000)
  to   space 18944K, 0% used [0x00000000fdb00000,0x00000000fdb00000,0x00000000fed80000)
 ParOldGen       total 175104K, used 35775K [0x00000000e0000000, 0x00000000eab00000, 0x00000000f5580000)
  object space 175104K, 20% used [0x00000000e0000000,0x00000000e22eff40,0x00000000eab00000)
 Metaspace       used 57550K, capacity 58984K, committed 59160K, reserved 1099776K
  class space    used 7918K, capacity 8384K, committed 8472K, reserved 1048576K
}
Event: 42.674 GC heap before
{Heap before GC invocations=14 (full 3):
 PSYoungGen      total 152064K, used 136704K [0x00000000f5580000, 0x0000000100000000, 0x0000000100000000)
  eden space 136704K, 100% used [0x00000000f5580000,0x00000000fdb00000,0x00000000fdb00000)
  from space 15360K, 0% used [0x00000000ff100000,0x00000000ff100000,0x0000000100000000)
  to   space 18944K, 0% used [0x00000000fdb00000,0x00000000fdb00000,0x00000000fed80000)
 ParOldGen       total 175104K, used 35775K [0x00000000e0000000, 0x00000000eab00000, 0x00000000f5580000)
  object space 175104K, 20% used [0x00000000e0000000,0x00000000e22eff40,0x00000000eab00000)
 Metaspace       used 63103K, capacity 65226K, committed 65432K, reserved 1105920K
  class space    used 8712K, capacity 9302K, committed 9368K, reserved 1048576K
Event: 42.685 GC heap after
Heap after GC invocations=14 (full 3):
 PSYoungGen      total 153600K, used 16520K [0x00000000f5580000, 0x0000000100000000, 0x0000000100000000)
  eden space 136704K, 0% used [0x00000000f5580000,0x00000000f5580000,0x00000000fdb00000)
  from space 16896K, 97% used [0x00000000fdb00000,0x00000000feb22330,0x00000000feb80000)
  to   space 19968K, 0% used [0x00000000fec80000,0x00000000fec80000,0x0000000100000000)
 ParOldGen       total 175104K, used 35783K [0x00000000e0000000, 0x00000000eab00000, 0x00000000f5580000)
  object space 175104K, 20% used [0x00000000e0000000,0x00000000e22f1f40,0x00000000eab00000)
 Metaspace       used 63103K, capacity 65226K, committed 65432K, reserved 1105920K
  class space    used 8712K, capacity 9302K, committed 9368K, reserved 1048576K
}
Event: 44.597 GC heap before
{Heap before GC invocations=15 (full 3):
 PSYoungGen      total 153600K, used 153224K [0x00000000f5580000, 0x0000000100000000, 0x0000000100000000)
  eden space 136704K, 100% used [0x00000000f5580000,0x00000000fdb00000,0x00000000fdb00000)
  from space 16896K, 97% used [0x00000000fdb00000,0x00000000feb22330,0x00000000feb80000)
  to   space 19968K, 0% used [0x00000000fec80000,0x00000000fec80000,0x0000000100000000)
 ParOldGen       total 175104K, used 35783K [0x00000000e0000000, 0x00000000eab00000, 0x00000000f5580000)
  object space 175104K, 20% used [0x00000000e0000000,0x00000000e22f1f40,0x00000000eab00000)
 Metaspace       used 65276K, capacity 67944K, committed 68120K, reserved 1107968K
  class space    used 9029K, capacity 9661K, committed 9752K, reserved 1048576K
Event: 44.608 GC heap after
Heap after GC invocations=15 (full 3):
 PSYoungGen      total 155136K, used 11180K [0x00000000f5580000, 0x0000000100000000, 0x0000000100000000)
  eden space 135168K, 0% used [0x00000000f5580000,0x00000000f5580000,0x00000000fd980000)
  from space 19968K, 55% used [0x00000000fec80000,0x00000000ff76b058,0x0000000100000000)
  to   space 19456K, 0% used [0x00000000fd980000,0x00000000fd980000,0x00000000fec80000)
 ParOldGen       total 175104K, used 48647K [0x00000000e0000000, 0x00000000eab00000, 0x00000000f5580000)
  object space 175104K, 27% used [0x00000000e0000000,0x00000000e2f81d80,0x00000000eab00000)
 Metaspace       used 65276K, capacity 67944K, committed 68120K, reserved 1107968K
  class space    used 9029K, capacity 9661K, committed 9752K, reserved 1048576K
}
Event: 89.420 GC heap before
{Heap before GC invocations=16 (full 3):
 PSYoungGen      total 155136K, used 146348K [0x00000000f5580000, 0x0000000100000000, 0x0000000100000000)
  eden space 135168K, 100% used [0x00000000f5580000,0x00000000fd980000,0x00000000fd980000)
  from space 19968K, 55% used [0x00000000fec80000,0x00000000ff76b058,0x0000000100000000)
  to   space 19456K, 0% used [0x00000000fd980000,0x00000000fd980000,0x00000000fec80000)
 ParOldGen       total 175104K, used 48647K [0x00000000e0000000, 0x00000000eab00000, 0x00000000f5580000)
  object space 175104K, 27% used [0x00000000e0000000,0x00000000e2f81d80,0x00000000eab00000)
 Metaspace       used 69403K, capacity 72306K, committed 72472K, reserved 1112064K
  class space    used 9337K, capacity 9982K, committed 10008K, reserved 1048576K
Event: 89.432 GC heap after
Heap after GC invocations=16 (full 3):
 PSYoungGen      total 154624K, used 14023K [0x00000000f5580000, 0x00000000fff80000, 0x0000000100000000)
  eden space 135168K, 0% used [0x00000000f5580000,0x00000000f5580000,0x00000000fd980000)
  from space 19456K, 72% used [0x00000000fd980000,0x00000000fe731da0,0x00000000fec80000)
  to   space 19456K, 0% used [0x00000000fec80000,0x00000000fec80000,0x00000000fff80000)
 ParOldGen       total 175104K, used 55855K [0x00000000e0000000, 0x00000000eab00000, 0x00000000f5580000)
  object space 175104K, 31% used [0x00000000e0000000,0x00000000e368beb0,0x00000000eab00000)
 Metaspace       used 69403K, capacity 72306K, committed 72472K, reserved 1112064K
  class space    used 9337K, capacity 9982K, committed 10008K, reserved 1048576K
}

Deoptimization events (10 events):
Event: 88.157 Thread 0x0000000018099000 Uncommon trap: reason=bimorphic action=maybe_recompile pc=0x000000000435c5a0 method=com.google.common.cache.LocalCache$Segment.getEntry(Ljava/lang/Object;I)Lcom/google/common/cache/ReferenceEntry; @ 24
Event: 88.167 Thread 0x0000000018099000 Uncommon trap: reason=unstable_if action=reinterpret pc=0x000000000489aa40 method=org.apache.commons.io.FilenameUtils.doNormalize(Ljava/lang/String;CZ)Ljava/lang/String; @ 501
Event: 89.407 Thread 0x0000000018c23800 Uncommon trap: reason=class_check action=maybe_recompile pc=0x000000000434e6f0 method=java.util.regex.Matcher.search(I)Z @ 86
Event: 89.407 Thread 0x0000000018c23800 Uncommon trap: reason=class_check action=maybe_recompile pc=0x0000000003fc9edc method=java.util.regex.Matcher.search(I)Z @ 86
Event: 89.432 Thread 0x0000000014b7c800 Uncommon trap: reason=unstable_if action=reinterpret pc=0x00000000042099f8 method=java.lang.ref.Reference.tryHandlePending(Z)Z @ 20
Event: 89.670 Thread 0x0000000018c23800 Uncommon trap: reason=unstable_if action=reinterpret pc=0x000000000504c45c method=com.google.common.collect.MapMakerInternalMap$Segment.getEntry(Ljava/lang/Object;I)Lcom/google/common/collect/MapMakerInternalMap$InternalEntry; @ 40
Event: 89.670 Thread 0x0000000018c23800 Uncommon trap: reason=unstable_if action=reinterpret pc=0x0000000003f5a494 method=com.google.common.collect.MapMakerInternalMap$Segment.getEntry(Ljava/lang/Object;I)Lcom/google/common/collect/MapMakerInternalMap$InternalEntry; @ 40
Event: 89.710 Thread 0x000000001e3a8000 Uncommon trap: reason=class_check action=maybe_recompile pc=0x00000000046eb640 method=org.gradle.internal.fingerprint.impl.AbsolutePathFingerprintingStrategy$1.visit(Lorg/gradle/internal/snapshot/FileSystemLocationSnapshot;)V @ 24
Event: 89.718 Thread 0x000000001e3a8000 Uncommon trap: reason=class_check action=maybe_recompile pc=0x00000000046eb640 method=org.gradle.internal.fingerprint.impl.AbsolutePathFingerprintingStrategy$1.visit(Lorg/gradle/internal/snapshot/FileSystemLocationSnapshot;)V @ 24
Event: 251.495 Thread 0x000000001c04f800 Uncommon trap: reason=unstable_if action=reinterpret pc=0x0000000003d7d5b8 method=java.util.concurrent.locks.AbstractQueuedSynchronizer$ConditionObject.awaitNanos(J)J @ 73

Classes redefined (0 events):
No events

Internal exceptions (10 events):
Event: 88.930 Thread 0x0000000018099000 Exception <a 'sun/nio/fs/WindowsException'> (0x00000000f96cea78) thrown at [C:\re\workspace\8-2-build-windows-amd64-cygwin\jdk8u202\12323\hotspot\src\share\vm\prims\jni.cpp, line 710]
Event: 88.930 Thread 0x0000000018099000 Exception <a 'sun/nio/fs/WindowsException'> (0x00000000f96cf9b0) thrown at [C:\re\workspace\8-2-build-windows-amd64-cygwin\jdk8u202\12323\hotspot\src\share\vm\prims\jni.cpp, line 710]
Event: 88.930 Thread 0x0000000018099000 Exception <a 'sun/nio/fs/WindowsException'> (0x00000000f96d2eb0) thrown at [C:\re\workspace\8-2-build-windows-amd64-cygwin\jdk8u202\12323\hotspot\src\share\vm\prims\jni.cpp, line 710]
Event: 88.930 Thread 0x0000000018099000 Exception <a 'sun/nio/fs/WindowsException'> (0x00000000f96d3e88) thrown at [C:\re\workspace\8-2-build-windows-amd64-cygwin\jdk8u202\12323\hotspot\src\share\vm\prims\jni.cpp, line 710]
Event: 88.931 Thread 0x0000000018099000 Exception <a 'sun/nio/fs/WindowsException'> (0x00000000f96d6638) thrown at [C:\re\workspace\8-2-build-windows-amd64-cygwin\jdk8u202\12323\hotspot\src\share\vm\prims\jni.cpp, line 710]
Event: 88.931 Thread 0x0000000018099000 Exception <a 'sun/nio/fs/WindowsException'> (0x00000000f96d7650) thrown at [C:\re\workspace\8-2-build-windows-amd64-cygwin\jdk8u202\12323\hotspot\src\share\vm\prims\jni.cpp, line 710]
Event: 88.961 Thread 0x0000000018099000 Exception <a 'sun/nio/fs/WindowsException'> (0x00000000f99e55a0) thrown at [C:\re\workspace\8-2-build-windows-amd64-cygwin\jdk8u202\12323\hotspot\src\share\vm\prims\jni.cpp, line 710]
Event: 89.036 Thread 0x0000000018099000 Exception <a 'sun/nio/fs/WindowsException'> (0x00000000f9f532e0) thrown at [C:\re\workspace\8-2-build-windows-amd64-cygwin\jdk8u202\12323\hotspot\src\share\vm\prims\jni.cpp, line 710]
Event: 89.670 Thread 0x0000000018c23800 Implicit null exception at 0x000000000504a1ca to 0x000000000504c42d
Event: 89.670 Thread 0x0000000018c23800 Implicit null exception at 0x0000000003f5a1f9 to 0x0000000003f5a479

Events (10 events):
Event: 4966.857 Thread 0x0000000016a22800 flushing nmethod 0x0000000004b58750
Event: 4966.857 Thread 0x0000000016a22800 flushing nmethod 0x0000000004b71050
Event: 4966.858 Thread 0x0000000016a22800 flushing nmethod 0x0000000004bdbad0
Event: 4966.858 Thread 0x0000000016a22800 flushing nmethod 0x0000000004bdc390
Event: 4966.858 Thread 0x0000000016a22800 flushing nmethod 0x0000000004c7aa90
Event: 4966.859 Thread 0x0000000016a22800 flushing nmethod 0x0000000004ca2290
Event: 4966.859 Thread 0x0000000016a22800 flushing nmethod 0x0000000004cc3510
Event: 4966.862 Thread 0x0000000016a22800 flushing nmethod 0x0000000005049bd0
Event: 4966.863 Thread 0x0000000016a22800 flushing nmethod 0x00000000050cef90
Event: 4966.863 Thread 0x0000000016a22800 flushing nmethod 0x000000000510fc90


Dynamic libraries:
0x00007ff7d6480000 - 0x00007ff7d64b7000 	C:\Program Files\Java\jdk1.8.0_202\bin\java.exe
0x00007ff9828a0000 - 0x00007ff982a90000 	C:\WINDOWS\SYSTEM32\ntdll.dll
0x00007ff981e20000 - 0x00007ff981ed2000 	C:\WINDOWS\System32\KERNEL32.DLL
0x00007ff97f910000 - 0x00007ff97fbb3000 	C:\WINDOWS\System32\KERNELBASE.dll
0x00007ff9818e0000 - 0x00007ff981983000 	C:\WINDOWS\System32\ADVAPI32.dll
0x00007ff9816c0000 - 0x00007ff98175e000 	C:\WINDOWS\System32\msvcrt.dll
0x00007ff9827c0000 - 0x00007ff982857000 	C:\WINDOWS\System32\sechost.dll
0x00007ff9817c0000 - 0x00007ff9818e0000 	C:\WINDOWS\System32\RPCRT4.dll
0x00007ff980be0000 - 0x00007ff980d73000 	C:\WINDOWS\System32\USER32.dll
0x00007ff980780000 - 0x00007ff9807a1000 	C:\WINDOWS\System32\win32u.dll
0x00007ff981cd0000 - 0x00007ff981cf6000 	C:\WINDOWS\System32\GDI32.dll
0x00007ff97fbc0000 - 0x00007ff97fd54000 	C:\WINDOWS\System32\gdi32full.dll
0x00007ff97fd60000 - 0x00007ff97fdfe000 	C:\WINDOWS\System32\msvcp_win.dll
0x00007ff980860000 - 0x00007ff98095a000 	C:\WINDOWS\System32\ucrtbase.dll
0x00007ff96de80000 - 0x00007ff96e105000 	C:\WINDOWS\WinSxS\amd64_microsoft.windows.common-controls_6595b64144ccf1df_6.0.18362.239_none_e6c7aebd130c7608\COMCTL32.dll
0x00007ff981990000 - 0x00007ff981cc6000 	C:\WINDOWS\System32\combase.dll
0x00007ff97f860000 - 0x00007ff97f8e0000 	C:\WINDOWS\System32\bcryptPrimitives.dll
0x00007ff981690000 - 0x00007ff9816be000 	C:\WINDOWS\System32\IMM32.DLL
0x0000000069c50000 - 0x0000000069d22000 	C:\Program Files\Java\jdk1.8.0_202\jre\bin\msvcr100.dll
0x00000000693a0000 - 0x0000000069c45000 	C:\Program Files\Java\jdk1.8.0_202\jre\bin\server\jvm.dll
0x00007ff982020000 - 0x00007ff982028000 	C:\WINDOWS\System32\PSAPI.DLL
0x00007ff97d880000 - 0x00007ff97d8a4000 	C:\WINDOWS\SYSTEM32\WINMM.dll
0x00007ff979f50000 - 0x00007ff979f5a000 	C:\WINDOWS\SYSTEM32\VERSION.dll
0x00007ff9725b0000 - 0x00007ff9725b9000 	C:\WINDOWS\SYSTEM32\WSOCK32.dll
0x00007ff981d00000 - 0x00007ff981d6f000 	C:\WINDOWS\System32\WS2_32.dll
0x00007ff97d750000 - 0x00007ff97d77d000 	C:\WINDOWS\SYSTEM32\winmmbase.dll
0x00007ff9807b0000 - 0x00007ff9807fa000 	C:\WINDOWS\System32\cfgmgr32.dll
0x00007ff96aeb0000 - 0x00007ff96aebf000 	C:\Program Files\Java\jdk1.8.0_202\jre\bin\verify.dll
0x00007ff961d60000 - 0x00007ff961d89000 	C:\Program Files\Java\jdk1.8.0_202\jre\bin\java.dll
0x00007ff95f440000 - 0x00007ff95f456000 	C:\Program Files\Java\jdk1.8.0_202\jre\bin\zip.dll
0x00007ff9820e0000 - 0x00007ff9827c0000 	C:\WINDOWS\System32\SHELL32.dll
0x00007ff9815e0000 - 0x00007ff981689000 	C:\WINDOWS\System32\shcore.dll
0x00007ff97ff50000 - 0x00007ff9806cb000 	C:\WINDOWS\System32\windows.storage.dll
0x00007ff97f820000 - 0x00007ff97f83f000 	C:\WINDOWS\System32\profapi.dll
0x00007ff97f7b0000 - 0x00007ff97f7fa000 	C:\WINDOWS\System32\powrprof.dll
0x00007ff97f780000 - 0x00007ff97f790000 	C:\WINDOWS\System32\UMPDC.dll
0x00007ff980e00000 - 0x00007ff980e52000 	C:\WINDOWS\System32\shlwapi.dll
0x00007ff97f800000 - 0x00007ff97f811000 	C:\WINDOWS\System32\kernel.appcore.dll
0x00007ff97f840000 - 0x00007ff97f857000 	C:\WINDOWS\System32\cryptsp.dll
0x00007ff95b3d0000 - 0x00007ff95b3ea000 	C:\Program Files\Java\jdk1.8.0_202\jre\bin\net.dll
0x00007ff972820000 - 0x00007ff9729f6000 	C:\WINDOWS\SYSTEM32\urlmon.dll
0x00007ff9730e0000 - 0x00007ff973386000 	C:\WINDOWS\SYSTEM32\iertutil.dll
0x00007ff97f160000 - 0x00007ff97f16c000 	C:\WINDOWS\SYSTEM32\CRYPTBASE.DLL
0x00007ff97ef90000 - 0x00007ff97eff7000 	C:\WINDOWS\system32\mswsock.dll
0x00007ff95b0b0000 - 0x00007ff95b0c2000 	C:\Program Files\Java\jdk1.8.0_202\jre\bin\nio.dll
0x00007ff96b160000 - 0x00007ff96b186000 	C:\Users\Zeus\.gradle\native\29\windows-amd64\native-platform.dll
0x00007ff96ae70000 - 0x00007ff96ae7d000 	C:\Program Files\Java\jdk1.8.0_202\jre\bin\management.dll
0x00007ff97eb50000 - 0x00007ff97eb83000 	C:\WINDOWS\system32\rsaenh.dll
0x00007ff97f8e0000 - 0x00007ff97f906000 	C:\WINDOWS\System32\bcrypt.dll
0x00007ff97f6a0000 - 0x00007ff97f6c5000 	C:\WINDOWS\SYSTEM32\USERENV.dll
0x00007ff97ecf0000 - 0x00007ff97ed2a000 	C:\WINDOWS\SYSTEM32\IPHLPAPI.DLL
0x00007ff981df0000 - 0x00007ff981df8000 	C:\WINDOWS\System32\NSI.dll
0x00007ff979d60000 - 0x00007ff979d76000 	C:\WINDOWS\SYSTEM32\dhcpcsvc6.DLL
0x00007ff979d40000 - 0x00007ff979d5c000 	C:\WINDOWS\SYSTEM32\dhcpcsvc.DLL
0x00007ff97ed30000 - 0x00007ff97edfa000 	C:\WINDOWS\SYSTEM32\DNSAPI.dll

VM Arguments:
jvm_args: -XX:MaxMetaspaceSize=256m -XX:+HeapDumpOnOutOfMemoryError -Xms256m -Xmx512m -Dfile.encoding=windows-1252 -Duser.country=US -Duser.language=en -Duser.variant 
java_command: org.gradle.launcher.daemon.bootstrap.GradleDaemon 5.4.1
java_class_path (initial): C:\Users\Zeus\.gradle\wrapper\dists\gradle-5.4.1-all\3221gyojl5jsh0helicew7rwx\gradle-5.4.1\lib\gradle-launcher-5.4.1.jar
Launcher Type: SUN_STANDARD

Environment Variables:
CLASSPATH=e:\My Task\2019-07-17-PIZZA\Pizza\android\\gradle\wrapper\gradle-wrapper.jar
PATH=C:\Program Files (x86)\Common Files\Oracle\Java\javapath;C:\WINDOWS\system32;C:\WINDOWS;C:\WINDOWS\System32\Wbem;C:\WINDOWS\System32\WindowsPowerShell\v1.0\;D:\xampp\php;C:\ProgramData\ComposerSetup\bin;C:\Program Files\nodejs\;C:\WINDOWS\System32\OpenSSH\;C:\Program Files\dotnet\;C:\Program Files\Microsoft SQL Server\130\Tools\Binn\;C:\Program Files\Microsoft SQL Server\Client SDK\ODBC\170\Tools\Binn\;C:\Program Files\Microsoft VS Code\bin;C:\Program Files\Java\jdk1.8.0_202\bin;d:\Program Files\Git\cmd;C:\Program Files\TortoiseGit\bin;C:\Program Files\Genymobile\Genymotion\tools;C:\Users\Zeus\AppData\Local\Programs\Python\Python37-32\Scripts\;C:\Users\Zeus\AppData\Local\Programs\Python\Python37-32\;C:\Users\Zeus\AppData\Roaming\Composer\vendor\bin;C:\Users\Zeus\AppData\Roaming\npm;D:\Android\android-sdk\platform-tools;C:\Users\Zeus\AppData\Local\Microsoft\WindowsApps;C:\Program Files\Java\jdk1.8.0_202\bin;C:\Users\Zeus\AppData\Local\GitHubDesktop\bin;
USERNAME=Zeus
OS=Windows_NT
PROCESSOR_IDENTIFIER=Intel64 Family 6 Model 158 Stepping 9, GenuineIntel



---------------  S Y S T E M  ---------------

OS: Windows 10.0 , 64 bit Build 18362 (10.0.18362.86)

CPU:total 8 (initial active 8) (4 cores per cpu, 2 threads per core) family 6 model 158 stepping 9, cmov, cx8, fxsr, mmx, sse, sse2, sse3, ssse3, sse4.1, sse4.2, popcnt, avx, avx2, aes, clmul, erms, rtm, 3dnowpref, lzcnt, ht, tsc, tscinvbit, bmi1, bmi2, adx

Memory: 4k page, physical 16682152k(349116k free), swap 31229016k(0k free)

vm_info: Java HotSpot(TM) 64-Bit Server VM (25.202-b08) for windows-amd64 JRE (1.8.0_202-b08), built on Dec 15 2018 19:54:30 by "java_re" with MS VC++ 10.0 (VS2010)

time: Tue Jul 23 16:43:27 2019
timezone: Pacific Daylight Time
elapsed time: 5566 seconds (0d 1h 32m 46s)

